#
# There is insufficient memory for the Java Runtime Environment to continue.
# Native memory allocation (malloc) failed to allocate 1387536 bytes for Chunk::new
# Possible reasons:
#   The system is out of physical RAM or swap space
#   The process is running with CompressedOops enabled, and the Java Heap may be blocking the growth of the native heap
# Possible solutions:
#   Reduce memory load on the system
#   Increase physical memory or swap space
#   Check if swap backing store is full
#   Decrease Java heap size (-Xmx/-Xms)
#   Decrease number of Java threads
#   Decrease Java thread stack sizes (-Xss)
#   Set larger code cache with -XX:ReservedCodeCacheSize=
#   JVM is running with Unscaled Compressed Oops mode in which the Java heap is
#     placed in the first 4GB address space. The Java Heap base address is the
#     maximum limit for the native heap growth. Please use -XX:HeapBaseMinAddress
#     to set the Java Heap base and to place the Java Heap above 4GB virtual address.
# This output file may be truncated or incomplete.
#
#  Out of Memory Error (arena.cpp:184), pid=6816, tid=7540
#
# JRE version: Java(TM) SE Runtime Environment (20.0.1+9) (build 20.0.1+9-29)
# Java VM: Java HotSpot(TM) 64-Bit Server VM (20.0.1+9-29, mixed mode, sharing, tiered, compressed oops, compressed class ptrs, g1 gc, windows-amd64)
# No core dump will be written. Minidumps are not enabled by default on client versions of Windows
#

---------------  S U M M A R Y ------------

Command Line: -Dclassworlds.conf=C:\Program Files\NetBeans-18\netbeans\java\maven\bin\m2.conf -Dmaven.home=C:\Program Files\NetBeans-18\netbeans\java\maven -Dlibrary.jansi.path=C:\Program Files\NetBeans-18\netbeans\java\maven\lib\jansi-native -Dmaven.multiModuleProjectDirectory=C:\Users\Estudiante\Documents\NetBeansProjects\Calculadora org.codehaus.plexus.classworlds.launcher.Launcher -Dexec.vmArgs= -Dexec.args=${exec.vmArgs} -classpath %classpath ${exec.mainClass} ${exec.appArgs} -Dexec.appArgs= -Dexec.mainClass=calculadora.Calculadora -Dexec.executable=C:\Program Files\Java\jdk-20\bin\java.exe -Dmaven.ext.class.path=C:\Program Files\NetBeans-18\netbeans\java\maven-nblib\netbeans-eventspy.jar --no-transfer-progress process-classes org.codehaus.mojo:exec-maven-plugin:3.1.0:exec

Host: Intel(R) Core(TM) i7-4770S CPU @ 3.10GHz, 8 cores, 7G,  Windows 10 , 64 bit Build 19041 (10.0.19041.3155)
Time: Thu Aug 10 14:39:47 2023 Hora est. Pacífico, Sudamérica elapsed time: 2.121505 seconds (0d 0h 0m 2s)

---------------  T H R E A D  ---------------

Current thread (0x000001dbce950b70):  JavaThread "C2 CompilerThread2" daemon [_thread_in_native, id=7540, stack(0x00000008cc100000,0x00000008cc200000)]


Current CompileTask:
C2:   2121 3769       4       java.lang.invoke.MethodType::makeImpl (109 bytes)

Stack: [0x00000008cc100000,0x00000008cc200000]
Native frames: (J=compiled Java code, j=interpreted, Vv=VM code, C=native code)
V  [jvm.dll+0x6bb95a]
V  [jvm.dll+0x8485fa]
V  [jvm.dll+0x84a1f5]
V  [jvm.dll+0x84a8f3]
V  [jvm.dll+0x280b0f]
V  [jvm.dll+0xc2b11]
V  [jvm.dll+0xc2e35]
V  [jvm.dll+0x3bb142]
V  [jvm.dll+0x3857f5]
V  [jvm.dll+0x384c6a]
V  [jvm.dll+0x24b259]
V  [jvm.dll+0x24a651]
V  [jvm.dll+0x1ce491]
V  [jvm.dll+0x259e1b]
V  [jvm.dll+0x2584f0]
V  [jvm.dll+0x3f2895]
V  [jvm.dll+0x7f4b56]
V  [jvm.dll+0x6ba5cb]
C  [ucrtbase.dll+0x21bb2]
C  [KERNEL32.DLL+0x17614]
C  [ntdll.dll+0x526b1]


---------------  P R O C E S S  ---------------

Threads class SMR info:
_java_thread_list=0x000001dbcf1552a0, length=14, elements={
0x000001dbab2011d0, 0x000001dbc9b68ef0, 0x000001dbc9b69cf0, 0x000001dbc9b6cd80,
0x000001dbc9b6e8d0, 0x000001dbc9b72330, 0x000001dbc9b72c70, 0x000001dbc9b76de0,
0x000001dbc9b7f770, 0x000001dbcde23260, 0x000001dbcde2b510, 0x000001dbce221360,
0x000001dbce950b70, 0x000001dbd002c010
}

Java Threads: ( => current thread )
  0x000001dbab2011d0 JavaThread "main" [_thread_blocked, id=10712, stack(0x00000008cae00000,0x00000008caf00000)]
  0x000001dbc9b68ef0 JavaThread "Reference Handler" daemon [_thread_blocked, id=11756, stack(0x00000008cb500000,0x00000008cb600000)]
  0x000001dbc9b69cf0 JavaThread "Finalizer" daemon [_thread_blocked, id=780, stack(0x00000008cb600000,0x00000008cb700000)]
  0x000001dbc9b6cd80 JavaThread "Signal Dispatcher" daemon [_thread_blocked, id=10148, stack(0x00000008cb700000,0x00000008cb800000)]
  0x000001dbc9b6e8d0 JavaThread "Attach Listener" daemon [_thread_blocked, id=11204, stack(0x00000008cb800000,0x00000008cb900000)]
  0x000001dbc9b72330 JavaThread "Service Thread" daemon [_thread_blocked, id=4016, stack(0x00000008cb900000,0x00000008cba00000)]
  0x000001dbc9b72c70 JavaThread "Monitor Deflation Thread" daemon [_thread_blocked, id=2020, stack(0x00000008cba00000,0x00000008cbb00000)]
  0x000001dbc9b76de0 JavaThread "C2 CompilerThread0" daemon [_thread_blocked, id=11632, stack(0x00000008cbb00000,0x00000008cbc00000)]
  0x000001dbc9b7f770 JavaThread "C1 CompilerThread0" daemon [_thread_blocked, id=11236, stack(0x00000008cbc00000,0x00000008cbd00000)]
  0x000001dbcde23260 JavaThread "Notification Thread" daemon [_thread_blocked, id=5708, stack(0x00000008cbd00000,0x00000008cbe00000)]
  0x000001dbcde2b510 JavaThread "Common-Cleaner" daemon [_thread_blocked, id=10376, stack(0x00000008cbf00000,0x00000008cc000000)]
  0x000001dbce221360 JavaThread "C2 CompilerThread1" daemon [_thread_blocked, id=9044, stack(0x00000008cc000000,0x00000008cc100000)]
=>0x000001dbce950b70 JavaThread "C2 CompilerThread2" daemon [_thread_in_native, id=7540, stack(0x00000008cc100000,0x00000008cc200000)]
  0x000001dbd002c010 JavaThread "Exec Input Stream Pumper" daemon [_thread_blocked, id=10608, stack(0x00000008ccb00000,0x00000008ccc00000)]

Other Threads:
  0x000001dbc9b44680 VMThread "VM Thread" [stack: 0x00000008cb400000,0x00000008cb500000] [id=7936]
  0x000001dbcde28400 WatcherThread "VM Periodic Task Thread" [stack: 0x00000008cbe00000,0x00000008cbf00000] [id=7932]
  0x000001dbab25e160 WorkerThread "GC Thread#0" [stack: 0x00000008caf00000,0x00000008cb000000] [id=6304]
  0x000001dbcee3e460 WorkerThread "GC Thread#1" [stack: 0x00000008cc200000,0x00000008cc300000] [id=4300]
  0x000001dbcee3eb40 WorkerThread "GC Thread#2" [stack: 0x00000008cc300000,0x00000008cc400000] [id=3576]
  0x000001dbcee40030 WorkerThread "GC Thread#3" [stack: 0x00000008cc400000,0x00000008cc500000] [id=2692]
  0x000001dbcf216920 WorkerThread "GC Thread#4" [stack: 0x00000008cc500000,0x00000008cc600000] [id=10456]
  0x000001dbcf216380 WorkerThread "GC Thread#5" [stack: 0x00000008cc600000,0x00000008cc700000] [id=4656]
  0x000001dbcf215b10 WorkerThread "GC Thread#6" [stack: 0x00000008cc700000,0x00000008cc800000] [id=2060]
  0x000001dbcf216ec0 WorkerThread "GC Thread#7" [stack: 0x00000008cc800000,0x00000008cc900000] [id=10244]
  0x000001dbab271e90 ConcurrentGCThread "G1 Main Marker" [stack: 0x00000008cb000000,0x00000008cb100000] [id=132]
  0x000001dbab272f70 WorkerThread "G1 Conc#0" [stack: 0x00000008cb100000,0x00000008cb200000] [id=3688]
  0x000001dbab2ce080 ConcurrentGCThread "G1 Refine#0" [stack: 0x00000008cb200000,0x00000008cb300000] [id=3004]
  0x000001dbab2cea30 ConcurrentGCThread "G1 Service" [stack: 0x00000008cb300000,0x00000008cb400000] [id=4672]

Threads with active compile tasks:
C2 CompilerThread2     2148 3769       4       java.lang.invoke.MethodType::makeImpl (109 bytes)

VM state: not at safepoint (normal execution)

VM Mutex/Monitor currently owned by a thread: None

Heap address: 0x0000000081600000, size: 2026 MB, Compressed Oops mode: 32-bit

CDS archive(s) mapped at: [0x0000000800000000-0x0000000800c60000-0x0000000800c60000), size 12976128, SharedBaseAddress: 0x0000000800000000, ArchiveRelocationMode: 0.
Compressed class space mapped at: 0x0000000801000000-0x0000000841000000, reserved size: 1073741824
Narrow klass base: 0x0000000800000000, Narrow klass shift: 0, Narrow klass range: 0x100000000

GC Precious Log:
 CardTable entry size: 512
 Card Set container configuration: InlinePtr #cards 5 size 8 Array Of Cards #cards 12 size 40 Howl #buckets 4 coarsen threshold 1843 Howl Bitmap #cards 512 size 80 coarsen threshold 460 Card regions per heap region 1 cards per card region 2048
 CPUs: 8 total, 8 available
 Memory: 8100M
 Large Page Support: Disabled
 NUMA Support: Disabled
 Compressed Oops: Enabled (32-bit)
 Heap Region Size: 1M
 Heap Min Capacity: 8M
 Heap Initial Capacity: 128M
 Heap Max Capacity: 2026M
 Pre-touch: Disabled
 Parallel Workers: 8
 Concurrent Workers: 2
 Concurrent Refinement Workers: 8
 Periodic GC: Disabled

Heap:
 garbage-first heap   total 131072K, used 62315K [0x0000000081600000, 0x0000000100000000)
  region size 1024K, 59 young (60416K), 3 survivors (3072K)
 Metaspace       used 17236K, committed 17536K, reserved 1114112K
  class space    used 1974K, committed 2112K, reserved 1048576K

Heap Regions: E=young(eden), S=young(survivor), O=old, HS=humongous(starts), HC=humongous(continues), CS=collection set, F=free, OA=open archive, CA=closed archive, TAMS=top-at-mark-start, PB=parsable bottom
|   0|0x0000000081600000, 0x0000000081700000, 0x0000000081700000|100%| O|  |TAMS 0x0000000081600000| PB 0x0000000081600000| Untracked 
|   1|0x0000000081700000, 0x0000000081800000, 0x0000000081800000|100%| O|  |TAMS 0x0000000081700000| PB 0x0000000081700000| Untracked 
|   2|0x0000000081800000, 0x0000000081900000, 0x0000000081900000|100%| O|  |TAMS 0x0000000081800000| PB 0x0000000081800000| Untracked 
|   3|0x0000000081900000, 0x000000008198a400, 0x0000000081a00000| 54%| O|  |TAMS 0x0000000081900000| PB 0x0000000081900000| Untracked 
|   4|0x0000000081a00000, 0x0000000081a00000, 0x0000000081b00000|  0%| F|  |TAMS 0x0000000081a00000| PB 0x0000000081a00000| Untracked 
|   5|0x0000000081b00000, 0x0000000081b00000, 0x0000000081c00000|  0%| F|  |TAMS 0x0000000081b00000| PB 0x0000000081b00000| Untracked 
|   6|0x0000000081c00000, 0x0000000081c00000, 0x0000000081d00000|  0%| F|  |TAMS 0x0000000081c00000| PB 0x0000000081c00000| Untracked 
|   7|0x0000000081d00000, 0x0000000081d00000, 0x0000000081e00000|  0%| F|  |TAMS 0x0000000081d00000| PB 0x0000000081d00000| Untracked 
|   8|0x0000000081e00000, 0x0000000081e00000, 0x0000000081f00000|  0%| F|  |TAMS 0x0000000081e00000| PB 0x0000000081e00000| Untracked 
|   9|0x0000000081f00000, 0x0000000081f00000, 0x0000000082000000|  0%| F|  |TAMS 0x0000000081f00000| PB 0x0000000081f00000| Untracked 
|  10|0x0000000082000000, 0x0000000082000000, 0x0000000082100000|  0%| F|  |TAMS 0x0000000082000000| PB 0x0000000082000000| Untracked 
|  11|0x0000000082100000, 0x0000000082100000, 0x0000000082200000|  0%| F|  |TAMS 0x0000000082100000| PB 0x0000000082100000| Untracked 
|  12|0x0000000082200000, 0x0000000082200000, 0x0000000082300000|  0%| F|  |TAMS 0x0000000082200000| PB 0x0000000082200000| Untracked 
|  13|0x0000000082300000, 0x0000000082300000, 0x0000000082400000|  0%| F|  |TAMS 0x0000000082300000| PB 0x0000000082300000| Untracked 
|  14|0x0000000082400000, 0x0000000082400000, 0x0000000082500000|  0%| F|  |TAMS 0x0000000082400000| PB 0x0000000082400000| Untracked 
|  15|0x0000000082500000, 0x0000000082500000, 0x0000000082600000|  0%| F|  |TAMS 0x0000000082500000| PB 0x0000000082500000| Untracked 
|  16|0x0000000082600000, 0x0000000082600000, 0x0000000082700000|  0%| F|  |TAMS 0x0000000082600000| PB 0x0000000082600000| Untracked 
|  17|0x0000000082700000, 0x0000000082700000, 0x0000000082800000|  0%| F|  |TAMS 0x0000000082700000| PB 0x0000000082700000| Untracked 
|  18|0x0000000082800000, 0x0000000082800000, 0x0000000082900000|  0%| F|  |TAMS 0x0000000082800000| PB 0x0000000082800000| Untracked 
|  19|0x0000000082900000, 0x0000000082900000, 0x0000000082a00000|  0%| F|  |TAMS 0x0000000082900000| PB 0x0000000082900000| Untracked 
|  20|0x0000000082a00000, 0x0000000082a00000, 0x0000000082b00000|  0%| F|  |TAMS 0x0000000082a00000| PB 0x0000000082a00000| Untracked 
|  21|0x0000000082b00000, 0x0000000082b00000, 0x0000000082c00000|  0%| F|  |TAMS 0x0000000082b00000| PB 0x0000000082b00000| Untracked 
|  22|0x0000000082c00000, 0x0000000082c00000, 0x0000000082d00000|  0%| F|  |TAMS 0x0000000082c00000| PB 0x0000000082c00000| Untracked 
|  23|0x0000000082d00000, 0x0000000082d00000, 0x0000000082e00000|  0%| F|  |TAMS 0x0000000082d00000| PB 0x0000000082d00000| Untracked 
|  24|0x0000000082e00000, 0x0000000082e00000, 0x0000000082f00000|  0%| F|  |TAMS 0x0000000082e00000| PB 0x0000000082e00000| Untracked 
|  25|0x0000000082f00000, 0x0000000082f00000, 0x0000000083000000|  0%| F|  |TAMS 0x0000000082f00000| PB 0x0000000082f00000| Untracked 
|  26|0x0000000083000000, 0x0000000083000000, 0x0000000083100000|  0%| F|  |TAMS 0x0000000083000000| PB 0x0000000083000000| Untracked 
|  27|0x0000000083100000, 0x0000000083100000, 0x0000000083200000|  0%| F|  |TAMS 0x0000000083100000| PB 0x0000000083100000| Untracked 
|  28|0x0000000083200000, 0x0000000083200000, 0x0000000083300000|  0%| F|  |TAMS 0x0000000083200000| PB 0x0000000083200000| Untracked 
|  29|0x0000000083300000, 0x0000000083300000, 0x0000000083400000|  0%| F|  |TAMS 0x0000000083300000| PB 0x0000000083300000| Untracked 
|  30|0x0000000083400000, 0x0000000083400000, 0x0000000083500000|  0%| F|  |TAMS 0x0000000083400000| PB 0x0000000083400000| Untracked 
|  31|0x0000000083500000, 0x0000000083500000, 0x0000000083600000|  0%| F|  |TAMS 0x0000000083500000| PB 0x0000000083500000| Untracked 
|  32|0x0000000083600000, 0x0000000083600000, 0x0000000083700000|  0%| F|  |TAMS 0x0000000083600000| PB 0x0000000083600000| Untracked 
|  33|0x0000000083700000, 0x0000000083700000, 0x0000000083800000|  0%| F|  |TAMS 0x0000000083700000| PB 0x0000000083700000| Untracked 
|  34|0x0000000083800000, 0x0000000083800000, 0x0000000083900000|  0%| F|  |TAMS 0x0000000083800000| PB 0x0000000083800000| Untracked 
|  35|0x0000000083900000, 0x0000000083900000, 0x0000000083a00000|  0%| F|  |TAMS 0x0000000083900000| PB 0x0000000083900000| Untracked 
|  36|0x0000000083a00000, 0x0000000083a00000, 0x0000000083b00000|  0%| F|  |TAMS 0x0000000083a00000| PB 0x0000000083a00000| Untracked 
|  37|0x0000000083b00000, 0x0000000083b00000, 0x0000000083c00000|  0%| F|  |TAMS 0x0000000083b00000| PB 0x0000000083b00000| Untracked 
|  38|0x0000000083c00000, 0x0000000083c00000, 0x0000000083d00000|  0%| F|  |TAMS 0x0000000083c00000| PB 0x0000000083c00000| Untracked 
|  39|0x0000000083d00000, 0x0000000083d00000, 0x0000000083e00000|  0%| F|  |TAMS 0x0000000083d00000| PB 0x0000000083d00000| Untracked 
|  40|0x0000000083e00000, 0x0000000083e00000, 0x0000000083f00000|  0%| F|  |TAMS 0x0000000083e00000| PB 0x0000000083e00000| Untracked 
|  41|0x0000000083f00000, 0x0000000083f00000, 0x0000000084000000|  0%| F|  |TAMS 0x0000000083f00000| PB 0x0000000083f00000| Untracked 
|  42|0x0000000084000000, 0x0000000084000000, 0x0000000084100000|  0%| F|  |TAMS 0x0000000084000000| PB 0x0000000084000000| Untracked 
|  43|0x0000000084100000, 0x0000000084100000, 0x0000000084200000|  0%| F|  |TAMS 0x0000000084100000| PB 0x0000000084100000| Untracked 
|  44|0x0000000084200000, 0x0000000084200000, 0x0000000084300000|  0%| F|  |TAMS 0x0000000084200000| PB 0x0000000084200000| Untracked 
|  45|0x0000000084300000, 0x0000000084300000, 0x0000000084400000|  0%| F|  |TAMS 0x0000000084300000| PB 0x0000000084300000| Untracked 
|  46|0x0000000084400000, 0x0000000084400000, 0x0000000084500000|  0%| F|  |TAMS 0x0000000084400000| PB 0x0000000084400000| Untracked 
|  47|0x0000000084500000, 0x0000000084500000, 0x0000000084600000|  0%| F|  |TAMS 0x0000000084500000| PB 0x0000000084500000| Untracked 
|  48|0x0000000084600000, 0x0000000084600000, 0x0000000084700000|  0%| F|  |TAMS 0x0000000084600000| PB 0x0000000084600000| Untracked 
|  49|0x0000000084700000, 0x0000000084700000, 0x0000000084800000|  0%| F|  |TAMS 0x0000000084700000| PB 0x0000000084700000| Untracked 
|  50|0x0000000084800000, 0x0000000084800000, 0x0000000084900000|  0%| F|  |TAMS 0x0000000084800000| PB 0x0000000084800000| Untracked 
|  51|0x0000000084900000, 0x0000000084900000, 0x0000000084a00000|  0%| F|  |TAMS 0x0000000084900000| PB 0x0000000084900000| Untracked 
|  52|0x0000000084a00000, 0x0000000084a00000, 0x0000000084b00000|  0%| F|  |TAMS 0x0000000084a00000| PB 0x0000000084a00000| Untracked 
|  53|0x0000000084b00000, 0x0000000084b00000, 0x0000000084c00000|  0%| F|  |TAMS 0x0000000084b00000| PB 0x0000000084b00000| Untracked 
|  54|0x0000000084c00000, 0x0000000084c00000, 0x0000000084d00000|  0%| F|  |TAMS 0x0000000084c00000| PB 0x0000000084c00000| Untracked 
|  55|0x0000000084d00000, 0x0000000084d00000, 0x0000000084e00000|  0%| F|  |TAMS 0x0000000084d00000| PB 0x0000000084d00000| Untracked 
|  56|0x0000000084e00000, 0x0000000084e00000, 0x0000000084f00000|  0%| F|  |TAMS 0x0000000084e00000| PB 0x0000000084e00000| Untracked 
|  57|0x0000000084f00000, 0x0000000084f00000, 0x0000000085000000|  0%| F|  |TAMS 0x0000000084f00000| PB 0x0000000084f00000| Untracked 
|  58|0x0000000085000000, 0x0000000085000000, 0x0000000085100000|  0%| F|  |TAMS 0x0000000085000000| PB 0x0000000085000000| Untracked 
|  59|0x0000000085100000, 0x0000000085100000, 0x0000000085200000|  0%| F|  |TAMS 0x0000000085100000| PB 0x0000000085100000| Untracked 
|  60|0x0000000085200000, 0x0000000085200000, 0x0000000085300000|  0%| F|  |TAMS 0x0000000085200000| PB 0x0000000085200000| Untracked 
|  61|0x0000000085300000, 0x0000000085300000, 0x0000000085400000|  0%| F|  |TAMS 0x0000000085300000| PB 0x0000000085300000| Untracked 
|  62|0x0000000085400000, 0x0000000085400000, 0x0000000085500000|  0%| F|  |TAMS 0x0000000085400000| PB 0x0000000085400000| Untracked 
|  63|0x0000000085500000, 0x0000000085500000, 0x0000000085600000|  0%| F|  |TAMS 0x0000000085500000| PB 0x0000000085500000| Untracked 
|  64|0x0000000085600000, 0x0000000085600000, 0x0000000085700000|  0%| F|  |TAMS 0x0000000085600000| PB 0x0000000085600000| Untracked 
|  65|0x0000000085700000, 0x0000000085700000, 0x0000000085800000|  0%| F|  |TAMS 0x0000000085700000| PB 0x0000000085700000| Untracked 
|  66|0x0000000085800000, 0x0000000085800000, 0x0000000085900000|  0%| F|  |TAMS 0x0000000085800000| PB 0x0000000085800000| Untracked 
|  67|0x0000000085900000, 0x0000000085900000, 0x0000000085a00000|  0%| F|  |TAMS 0x0000000085900000| PB 0x0000000085900000| Untracked 
|  68|0x0000000085a00000, 0x0000000085a00000, 0x0000000085b00000|  0%| F|  |TAMS 0x0000000085a00000| PB 0x0000000085a00000| Untracked 
|  69|0x0000000085b00000, 0x0000000085c00000, 0x0000000085c00000|100%| E|  |TAMS 0x0000000085b00000| PB 0x0000000085b00000| Complete 
|  70|0x0000000085c00000, 0x0000000085d00000, 0x0000000085d00000|100%| E|CS|TAMS 0x0000000085c00000| PB 0x0000000085c00000| Complete 
|  71|0x0000000085d00000, 0x0000000085e00000, 0x0000000085e00000|100%| E|CS|TAMS 0x0000000085d00000| PB 0x0000000085d00000| Complete 
|  72|0x0000000085e00000, 0x0000000085f00000, 0x0000000085f00000|100%| E|CS|TAMS 0x0000000085e00000| PB 0x0000000085e00000| Complete 
|  73|0x0000000085f00000, 0x0000000086000000, 0x0000000086000000|100%| E|CS|TAMS 0x0000000085f00000| PB 0x0000000085f00000| Complete 
|  74|0x0000000086000000, 0x0000000086100000, 0x0000000086100000|100%| E|CS|TAMS 0x0000000086000000| PB 0x0000000086000000| Complete 
|  75|0x0000000086100000, 0x0000000086200000, 0x0000000086200000|100%| E|CS|TAMS 0x0000000086100000| PB 0x0000000086100000| Complete 
|  76|0x0000000086200000, 0x0000000086300000, 0x0000000086300000|100%| E|CS|TAMS 0x0000000086200000| PB 0x0000000086200000| Complete 
|  77|0x0000000086300000, 0x0000000086400000, 0x0000000086400000|100%| E|CS|TAMS 0x0000000086300000| PB 0x0000000086300000| Complete 
|  78|0x0000000086400000, 0x0000000086500000, 0x0000000086500000|100%| E|CS|TAMS 0x0000000086400000| PB 0x0000000086400000| Complete 
|  79|0x0000000086500000, 0x0000000086600000, 0x0000000086600000|100%| E|CS|TAMS 0x0000000086500000| PB 0x0000000086500000| Complete 
|  80|0x0000000086600000, 0x0000000086700000, 0x0000000086700000|100%| E|CS|TAMS 0x0000000086600000| PB 0x0000000086600000| Complete 
|  81|0x0000000086700000, 0x0000000086800000, 0x0000000086800000|100%| E|CS|TAMS 0x0000000086700000| PB 0x0000000086700000| Complete 
|  82|0x0000000086800000, 0x0000000086900000, 0x0000000086900000|100%| E|CS|TAMS 0x0000000086800000| PB 0x0000000086800000| Complete 
|  83|0x0000000086900000, 0x0000000086a00000, 0x0000000086a00000|100%| E|CS|TAMS 0x0000000086900000| PB 0x0000000086900000| Complete 
|  84|0x0000000086a00000, 0x0000000086b00000, 0x0000000086b00000|100%| E|CS|TAMS 0x0000000086a00000| PB 0x0000000086a00000| Complete 
|  85|0x0000000086b00000, 0x0000000086c00000, 0x0000000086c00000|100%| E|CS|TAMS 0x0000000086b00000| PB 0x0000000086b00000| Complete 
|  86|0x0000000086c00000, 0x0000000086d00000, 0x0000000086d00000|100%| E|CS|TAMS 0x0000000086c00000| PB 0x0000000086c00000| Complete 
|  87|0x0000000086d00000, 0x0000000086e00000, 0x0000000086e00000|100%| E|CS|TAMS 0x0000000086d00000| PB 0x0000000086d00000| Complete 
|  88|0x0000000086e00000, 0x0000000086f00000, 0x0000000086f00000|100%| E|CS|TAMS 0x0000000086e00000| PB 0x0000000086e00000| Complete 
|  89|0x0000000086f00000, 0x0000000087000000, 0x0000000087000000|100%| E|CS|TAMS 0x0000000086f00000| PB 0x0000000086f00000| Complete 
|  90|0x0000000087000000, 0x0000000087100000, 0x0000000087100000|100%| E|CS|TAMS 0x0000000087000000| PB 0x0000000087000000| Complete 
|  91|0x0000000087100000, 0x0000000087150a00, 0x0000000087200000| 31%| S|CS|TAMS 0x0000000087100000| PB 0x0000000087100000| Complete 
|  92|0x0000000087200000, 0x0000000087300000, 0x0000000087300000|100%| S|CS|TAMS 0x0000000087200000| PB 0x0000000087200000| Complete 
|  93|0x0000000087300000, 0x0000000087400000, 0x0000000087400000|100%| S|CS|TAMS 0x0000000087300000| PB 0x0000000087300000| Complete 
|  94|0x0000000087400000, 0x0000000087500000, 0x0000000087500000|100%| E|CS|TAMS 0x0000000087400000| PB 0x0000000087400000| Complete 
|  95|0x0000000087500000, 0x0000000087600000, 0x0000000087600000|100%| E|CS|TAMS 0x0000000087500000| PB 0x0000000087500000| Complete 
|  96|0x0000000087600000, 0x0000000087700000, 0x0000000087700000|100%| E|CS|TAMS 0x0000000087600000| PB 0x0000000087600000| Complete 
|  97|0x0000000087700000, 0x0000000087800000, 0x0000000087800000|100%| E|CS|TAMS 0x0000000087700000| PB 0x0000000087700000| Complete 
|  98|0x0000000087800000, 0x0000000087900000, 0x0000000087900000|100%| E|CS|TAMS 0x0000000087800000| PB 0x0000000087800000| Complete 
|  99|0x0000000087900000, 0x0000000087a00000, 0x0000000087a00000|100%| E|CS|TAMS 0x0000000087900000| PB 0x0000000087900000| Complete 
| 100|0x0000000087a00000, 0x0000000087b00000, 0x0000000087b00000|100%| E|CS|TAMS 0x0000000087a00000| PB 0x0000000087a00000| Complete 
| 101|0x0000000087b00000, 0x0000000087c00000, 0x0000000087c00000|100%| E|CS|TAMS 0x0000000087b00000| PB 0x0000000087b00000| Complete 
| 102|0x0000000087c00000, 0x0000000087d00000, 0x0000000087d00000|100%| E|CS|TAMS 0x0000000087c00000| PB 0x0000000087c00000| Complete 
| 103|0x0000000087d00000, 0x0000000087e00000, 0x0000000087e00000|100%| E|CS|TAMS 0x0000000087d00000| PB 0x0000000087d00000| Complete 
| 104|0x0000000087e00000, 0x0000000087f00000, 0x0000000087f00000|100%| E|CS|TAMS 0x0000000087e00000| PB 0x0000000087e00000| Complete 
| 105|0x0000000087f00000, 0x0000000088000000, 0x0000000088000000|100%| E|CS|TAMS 0x0000000087f00000| PB 0x0000000087f00000| Complete 
| 106|0x0000000088000000, 0x0000000088100000, 0x0000000088100000|100%| E|CS|TAMS 0x0000000088000000| PB 0x0000000088000000| Complete 
| 107|0x0000000088100000, 0x0000000088200000, 0x0000000088200000|100%| E|CS|TAMS 0x0000000088100000| PB 0x0000000088100000| Complete 
| 108|0x0000000088200000, 0x0000000088300000, 0x0000000088300000|100%| E|CS|TAMS 0x0000000088200000| PB 0x0000000088200000| Complete 
| 109|0x0000000088300000, 0x0000000088400000, 0x0000000088400000|100%| E|CS|TAMS 0x0000000088300000| PB 0x0000000088300000| Complete 
| 110|0x0000000088400000, 0x0000000088500000, 0x0000000088500000|100%| E|CS|TAMS 0x0000000088400000| PB 0x0000000088400000| Complete 
| 111|0x0000000088500000, 0x0000000088600000, 0x0000000088600000|100%| E|CS|TAMS 0x0000000088500000| PB 0x0000000088500000| Complete 
| 112|0x0000000088600000, 0x0000000088700000, 0x0000000088700000|100%| E|CS|TAMS 0x0000000088600000| PB 0x0000000088600000| Complete 
| 113|0x0000000088700000, 0x0000000088800000, 0x0000000088800000|100%| E|CS|TAMS 0x0000000088700000| PB 0x0000000088700000| Complete 
| 114|0x0000000088800000, 0x0000000088900000, 0x0000000088900000|100%| E|CS|TAMS 0x0000000088800000| PB 0x0000000088800000| Complete 
| 115|0x0000000088900000, 0x0000000088a00000, 0x0000000088a00000|100%| E|CS|TAMS 0x0000000088900000| PB 0x0000000088900000| Complete 
| 116|0x0000000088a00000, 0x0000000088b00000, 0x0000000088b00000|100%| E|CS|TAMS 0x0000000088a00000| PB 0x0000000088a00000| Complete 
| 117|0x0000000088b00000, 0x0000000088c00000, 0x0000000088c00000|100%| E|CS|TAMS 0x0000000088b00000| PB 0x0000000088b00000| Complete 
| 118|0x0000000088c00000, 0x0000000088d00000, 0x0000000088d00000|100%| E|CS|TAMS 0x0000000088c00000| PB 0x0000000088c00000| Complete 
| 119|0x0000000088d00000, 0x0000000088e00000, 0x0000000088e00000|100%| E|CS|TAMS 0x0000000088d00000| PB 0x0000000088d00000| Complete 
| 120|0x0000000088e00000, 0x0000000088f00000, 0x0000000088f00000|100%| E|CS|TAMS 0x0000000088e00000| PB 0x0000000088e00000| Complete 
| 121|0x0000000088f00000, 0x0000000089000000, 0x0000000089000000|100%| E|CS|TAMS 0x0000000088f00000| PB 0x0000000088f00000| Complete 
| 122|0x0000000089000000, 0x0000000089100000, 0x0000000089100000|100%| E|CS|TAMS 0x0000000089000000| PB 0x0000000089000000| Complete 
| 123|0x0000000089100000, 0x0000000089200000, 0x0000000089200000|100%| E|CS|TAMS 0x0000000089100000| PB 0x0000000089100000| Complete 
| 124|0x0000000089200000, 0x0000000089300000, 0x0000000089300000|100%| E|CS|TAMS 0x0000000089200000| PB 0x0000000089200000| Complete 
| 125|0x0000000089300000, 0x0000000089400000, 0x0000000089400000|100%| E|CS|TAMS 0x0000000089300000| PB 0x0000000089300000| Complete 
| 126|0x0000000089400000, 0x0000000089500000, 0x0000000089500000|100%| E|CS|TAMS 0x0000000089400000| PB 0x0000000089400000| Complete 
| 127|0x0000000089500000, 0x0000000089600000, 0x0000000089600000|100%| E|CS|TAMS 0x0000000089500000| PB 0x0000000089500000| Complete 

Card table byte_map: [0x000001dbc4900000,0x000001dbc4d00000] _byte_map_base: 0x000001dbc44f5000

Marking Bits: (CMBitMap*) 0x000001dbab2606c0
 Bits: [0x000001dbc5100000, 0x000001dbc70a8000)

Polling page: 0x000001dbab2d0000

Metaspace:

Usage:
  Non-class:     14.90 MB used.
      Class:      1.93 MB used.
       Both:     16.83 MB used.

Virtual space:
  Non-class space:       64.00 MB reserved,      15.06 MB ( 24%) committed,  1 nodes.
      Class space:        1.00 GB reserved,       2.06 MB ( <1%) committed,  1 nodes.
             Both:        1.06 GB reserved,      17.12 MB (  2%) committed. 

Chunk freelists:
   Non-Class:  728.00 KB
       Class:  1.79 MB
        Both:  2.50 MB

MaxMetaspaceSize: unlimited
CompressedClassSpaceSize: 1.00 GB
Initial GC threshold: 21.00 MB
Current GC threshold: 21.00 MB
CDS: on
MetaspaceReclaimPolicy: balanced
 - commit_granule_bytes: 65536.
 - commit_granule_words: 8192.
 - virtual_space_node_default_size: 8388608.
 - enlarge_chunks_in_place: 1.
 - new_chunks_are_fully_committed: 0.
 - uncommit_free_chunks: 1.
 - use_allocation_guard: 0.


Internal statistics:

num_allocs_failed_limit: 0.
num_arena_births: 182.
num_arena_deaths: 0.
num_vsnodes_births: 2.
num_vsnodes_deaths: 0.
num_space_committed: 274.
num_space_uncommitted: 0.
num_chunks_returned_to_freelist: 0.
num_chunks_taken_from_freelist: 777.
num_chunk_merges: 0.
num_chunk_splits: 536.
num_chunks_enlarged: 435.
num_inconsistent_stats: 0.

CodeHeap 'non-profiled nmethods': size=120000Kb used=1607Kb max_used=1607Kb free=118393Kb
 bounds [0x000001dbbc560000, 0x000001dbbc7d0000, 0x000001dbc3a90000]
CodeHeap 'profiled nmethods': size=120000Kb used=7428Kb max_used=7428Kb free=112572Kb
 bounds [0x000001dbb4a90000, 0x000001dbb51e0000, 0x000001dbbbfc0000]
CodeHeap 'non-nmethods': size=5760Kb used=1463Kb max_used=1505Kb free=4296Kb
 bounds [0x000001dbbbfc0000, 0x000001dbbc230000, 0x000001dbbc560000]
 total_blobs=4265 nmethods=3772 adapters=403
 compilation: enabled
              stopped_count=0, restarted_count=0
 full_count=0

Compilation events (20 events):
Event: 2.057 Thread 0x000001dbce221360 3761       4       java.util.HashMap::hash (20 bytes)
Event: 2.057 Thread 0x000001dbc9b7f770 3762       3       java.util.HashMap::putVal (300 bytes)
Event: 2.058 Thread 0x000001dbce221360 nmethod 3761 0x000001dbbc6ef990 code [0x000001dbbc6efb00, 0x000001dbbc6efbe8]
Event: 2.058 Thread 0x000001dbc9b7f770 nmethod 3762 0x000001dbb51cb090 code [0x000001dbb51cb320, 0x000001dbb51cc528]
Event: 2.058 Thread 0x000001dbc9b7f770 3765       3       java.lang.ProcessEnvironment$NameComparator::compare (90 bytes)
Event: 2.059 Thread 0x000001dbc9b7f770 nmethod 3765 0x000001dbb51cca10 code [0x000001dbb51ccd00, 0x000001dbb51cdf68]
Event: 2.059 Thread 0x000001dbc9b7f770 3763       3       java.lang.ProcessEnvironment$CheckedEntry::getKey (5 bytes)
Event: 2.059 Thread 0x000001dbc9b7f770 nmethod 3763 0x000001dbb51ce790 code [0x000001dbb51ce940, 0x000001dbb51cec60]
Event: 2.059 Thread 0x000001dbc9b7f770 3764       3       java.lang.ProcessEnvironment$CheckedEntry::getKey (13 bytes)
Event: 2.059 Thread 0x000001dbc9b7f770 nmethod 3764 0x000001dbb51ced90 code [0x000001dbb51cef20, 0x000001dbb51cf1e0]
Event: 2.062 Thread 0x000001dbc9b7f770 3768       3       sun.invoke.util.VerifyAccess::isTypeVisible (47 bytes)
Event: 2.062 Thread 0x000001dbce950b70 3769       4       java.lang.invoke.MethodType::makeImpl (109 bytes)
Event: 2.063 Thread 0x000001dbc9b7f770 nmethod 3768 0x000001dbb51cf290 code [0x000001dbb51cf460, 0x000001dbb51cf868]
Event: 2.064 Thread 0x000001dbc9b7f770 3770       3       java.lang.System::getProperty (25 bytes)
Event: 2.064 Thread 0x000001dbc9b7f770 nmethod 3770 0x000001dbb51cfa90 code [0x000001dbb51cfc80, 0x000001dbb51d0270]
Event: 2.064 Thread 0x000001dbc9b7f770 3772       3       jdk.internal.org.objectweb.asm.ClassWriter::<init> (7 bytes)
Event: 2.064 Thread 0x000001dbc9b7f770 nmethod 3772 0x000001dbb51d0490 code [0x000001dbb51d0620, 0x000001dbb51d0760]
Event: 2.064 Thread 0x000001dbc9b7f770 3773       3       jdk.internal.org.objectweb.asm.ClassWriter::<init> (73 bytes)
Event: 2.064 Thread 0x000001dbc9b7f770 nmethod 3773 0x000001dbb51d0810 code [0x000001dbb51d09e0, 0x000001dbb51d0e88]
Event: 2.067 Thread 0x000001dbc9b76de0 nmethod 3758 0x000001dbbc6f0590 code [0x000001dbbc6f07a0, 0x000001dbbc6f1420]

GC Heap History (4 events):
Event: 0.514 GC heap before
{Heap before GC invocations=0 (full 0):
 garbage-first heap   total 131072K, used 22528K [0x0000000081600000, 0x0000000100000000)
  region size 1024K, 23 young (23552K), 0 survivors (0K)
 Metaspace       used 5233K, committed 5376K, reserved 1114112K
  class space    used 613K, committed 704K, reserved 1048576K
}
Event: 0.520 GC heap after
{Heap after GC invocations=1 (full 0):
 garbage-first heap   total 131072K, used 3763K [0x0000000081600000, 0x0000000100000000)
  region size 1024K, 3 young (3072K), 3 survivors (3072K)
 Metaspace       used 5233K, committed 5376K, reserved 1114112K
  class space    used 613K, committed 704K, reserved 1048576K
}
Event: 1.085 GC heap before
{Heap before GC invocations=1 (full 0):
 garbage-first heap   total 131072K, used 35507K [0x0000000081600000, 0x0000000100000000)
  region size 1024K, 34 young (34816K), 3 survivors (3072K)
 Metaspace       used 10299K, committed 10496K, reserved 1114112K
  class space    used 1229K, committed 1344K, reserved 1048576K
}
Event: 1.091 GC heap after
{Heap after GC invocations=2 (full 0):
 garbage-first heap   total 131072K, used 5995K [0x0000000081600000, 0x0000000100000000)
  region size 1024K, 3 young (3072K), 3 survivors (3072K)
 Metaspace       used 10299K, committed 10496K, reserved 1114112K
  class space    used 1229K, committed 1344K, reserved 1048576K
}

Dll operation events (8 events):
Event: 0.006 Loaded shared library C:\Program Files\Java\jdk-20\bin\java.dll
Event: 0.014 Loaded shared library C:\Program Files\Java\jdk-20\bin\jsvml.dll
Event: 0.044 Loaded shared library C:\Program Files\Java\jdk-20\bin\net.dll
Event: 0.046 Loaded shared library C:\Program Files\Java\jdk-20\bin\nio.dll
Event: 0.048 Loaded shared library C:\Program Files\Java\jdk-20\bin\zip.dll
Event: 0.129 Loaded shared library C:\Program Files\Java\jdk-20\bin\jimage.dll
Event: 0.134 Loaded shared library C:\Program Files\NetBeans-18\netbeans\java\maven\lib\jansi-native\Windows\x86_64\jansi.dll
Event: 0.142 Loaded shared library C:\Program Files\Java\jdk-20\bin\verify.dll

Deoptimization events (20 events):
Event: 2.057 Thread 0x000001dbab2011d0 Uncommon trap: trap_request=0xffffffc6 fr.pc=0x000001dbbc686c54 relative=0x0000000000000454
Event: 2.057 Thread 0x000001dbab2011d0 Uncommon trap: reason=bimorphic_or_optimized_type_check action=maybe_recompile pc=0x000001dbbc686c54 method=java.util.HashMap.putVal(ILjava/lang/Object;Ljava/lang/Object;ZZ)Ljava/lang/Object; @ 253 c2
Event: 2.057 Thread 0x000001dbab2011d0 DEOPT PACKING pc=0x000001dbbc686c54 sp=0x00000008caefdde0
Event: 2.057 Thread 0x000001dbab2011d0 DEOPT UNPACKING pc=0x000001dbbc029d22 sp=0x00000008caefdda0 mode 2
Event: 2.058 Thread 0x000001dbab2011d0 Uncommon trap: trap_request=0xffffffbe fr.pc=0x000001dbbc6a1dc8 relative=0x0000000000001288
Event: 2.058 Thread 0x000001dbab2011d0 Uncommon trap: reason=profile_predicate action=maybe_recompile pc=0x000001dbbc6a1dc8 method=java.util.TimSort.binarySort([Ljava/lang/Object;IIILjava/util/Comparator;)V @ 34 c2
Event: 2.058 Thread 0x000001dbab2011d0 DEOPT PACKING pc=0x000001dbbc6a1dc8 sp=0x00000008caefda80
Event: 2.058 Thread 0x000001dbab2011d0 DEOPT UNPACKING pc=0x000001dbbc029d22 sp=0x00000008caefda60 mode 2
Event: 2.058 Thread 0x000001dbab2011d0 Uncommon trap: trap_request=0xffffffbe fr.pc=0x000001dbbc6a1dc8 relative=0x0000000000001288
Event: 2.058 Thread 0x000001dbab2011d0 Uncommon trap: reason=profile_predicate action=maybe_recompile pc=0x000001dbbc6a1dc8 method=java.util.TimSort.binarySort([Ljava/lang/Object;IIILjava/util/Comparator;)V @ 34 c2
Event: 2.058 Thread 0x000001dbab2011d0 DEOPT PACKING pc=0x000001dbbc6a1dc8 sp=0x00000008caefda80
Event: 2.058 Thread 0x000001dbab2011d0 DEOPT UNPACKING pc=0x000001dbbc029d22 sp=0x00000008caefda60 mode 2
Event: 2.058 Thread 0x000001dbab2011d0 Uncommon trap: trap_request=0xffffffbe fr.pc=0x000001dbbc6a1dc8 relative=0x0000000000001288
Event: 2.058 Thread 0x000001dbab2011d0 Uncommon trap: reason=profile_predicate action=maybe_recompile pc=0x000001dbbc6a1dc8 method=java.util.TimSort.binarySort([Ljava/lang/Object;IIILjava/util/Comparator;)V @ 34 c2
Event: 2.058 Thread 0x000001dbab2011d0 DEOPT PACKING pc=0x000001dbbc6a1dc8 sp=0x00000008caefda80
Event: 2.058 Thread 0x000001dbab2011d0 DEOPT UNPACKING pc=0x000001dbbc029d22 sp=0x00000008caefda60 mode 2
Event: 2.058 Thread 0x000001dbab2011d0 Uncommon trap: trap_request=0xffffffbe fr.pc=0x000001dbbc6a1dc8 relative=0x0000000000001288
Event: 2.058 Thread 0x000001dbab2011d0 Uncommon trap: reason=profile_predicate action=maybe_recompile pc=0x000001dbbc6a1dc8 method=java.util.TimSort.binarySort([Ljava/lang/Object;IIILjava/util/Comparator;)V @ 34 c2
Event: 2.058 Thread 0x000001dbab2011d0 DEOPT PACKING pc=0x000001dbbc6a1dc8 sp=0x00000008caefda80
Event: 2.058 Thread 0x000001dbab2011d0 DEOPT UNPACKING pc=0x000001dbbc029d22 sp=0x00000008caefda60 mode 2

Classes loaded (20 events):
Event: 2.064 Loading class java/util/concurrent/Executors
Event: 2.065 Loading class java/util/concurrent/Executors done
Event: 2.065 Loading class java/util/concurrent/SynchronousQueue
Event: 2.065 Loading class java/util/concurrent/SynchronousQueue done
Event: 2.065 Loading class java/util/concurrent/SynchronousQueue$TransferStack
Event: 2.065 Loading class java/util/concurrent/SynchronousQueue$Transferer
Event: 2.065 Loading class java/util/concurrent/SynchronousQueue$Transferer done
Event: 2.065 Loading class java/util/concurrent/SynchronousQueue$TransferStack done
Event: 2.065 Loading class java/util/concurrent/SynchronousQueue$TransferStack$SNode
Event: 2.065 Loading class java/util/concurrent/SynchronousQueue$TransferStack$SNode done
Event: 2.065 Loading class java/lang/ProcessImpl$2
Event: 2.065 Loading class java/lang/ProcessImpl$2 done
Event: 2.065 Loading class java/lang/Process$PipeInputStream
Event: 2.065 Loading class java/lang/Process$PipeInputStream done
Event: 2.066 Loading class jdk/internal/event/ProcessStartEvent
Event: 2.066 Loading class jdk/internal/event/ProcessStartEvent done
Event: 2.067 Loading class java/io/PipedOutputStream
Event: 2.067 Loading class java/io/PipedOutputStream done
Event: 2.068 Loading class jdk/internal/event/ThreadSleepEvent
Event: 2.068 Loading class jdk/internal/event/ThreadSleepEvent done

Classes unloaded (0 events):
No events

Classes redefined (0 events):
No events

Internal exceptions (20 events):
Event: 1.109 Thread 0x000001dbab2011d0 Exception <a 'java/lang/NoSuchMethodError'{0x000000008943b960}: 'void java.lang.invoke.DirectMethodHandle$Holder.invokeStatic(java.lang.Object, java.lang.Object)'> (0x000000008943b960) 
thrown [s\open\src\hotspot\share\interpreter\linkResolver.cpp, line 773]
Event: 1.273 Thread 0x000001dbab2011d0 Exception <a 'java/lang/NoSuchMethodError'{0x0000000088d88298}: 'void java.lang.invoke.Invokers$Holder.invokeExact_MT(java.lang.Object, java.lang.Object, java.lang.Object, java.lang.Object)'> (0x0000000088d88298) 
thrown [s\open\src\hotspot\share\interpreter\linkResolver.cpp, line 773]
Event: 1.289 Thread 0x000001dbab2011d0 Exception <a 'java/lang/NoClassDefFoundError'{0x0000000088c16178}: com/google/inject/servlet/ServletModuleTargetVisitor> (0x0000000088c16178) 
thrown [s\open\src\hotspot\share\classfile\systemDictionary.cpp, line 294]
Event: 1.348 Thread 0x000001dbab2011d0 Exception <a 'java/lang/NoSuchMethodError'{0x0000000088ac1a08}: 'void java.lang.invoke.DirectMethodHandle$Holder.invokeVirtual(java.lang.Object, java.lang.Object)'> (0x0000000088ac1a08) 
thrown [s\open\src\hotspot\share\interpreter\linkResolver.cpp, line 773]
Event: 1.366 Thread 0x000001dbab2011d0 Exception <a 'java/lang/NoSuchMethodError'{0x000000008894f8f0}: 'java.lang.Object java.lang.invoke.DirectMethodHandle$Holder.invokeStaticInit(java.lang.Object, int, int, int, int)'> (0x000000008894f8f0) 
thrown [s\open\src\hotspot\share\interpreter\linkResolver.cpp, line 773]
Event: 1.509 Thread 0x000001dbab2011d0 Exception <a 'java/lang/NoSuchMethodError'{0x0000000088388888}: 'void java.lang.invoke.DirectMethodHandle$Holder.invokeVirtual(java.lang.Object, java.lang.Object, int)'> (0x0000000088388888) 
thrown [s\open\src\hotspot\share\interpreter\linkResolver.cpp, line 773]
Event: 1.510 Thread 0x000001dbab2011d0 Exception <a 'java/lang/NoSuchMethodError'{0x000000008838f858}: 'void java.lang.invoke.DelegatingMethodHandle$Holder.reinvoke_L(java.lang.Object, java.lang.Object, int)'> (0x000000008838f858) 
thrown [s\open\src\hotspot\share\interpreter\linkResolver.cpp, line 773]
Event: 1.561 Thread 0x000001dbab2011d0 Implicit null exception at 0x000001dbbc6031aa to 0x000001dbbc60335c
Event: 1.649 Thread 0x000001dbab2011d0 Implicit null exception at 0x000001dbbc64157a to 0x000001dbbc641754
Event: 1.649 Thread 0x000001dbab2011d0 Implicit null exception at 0x000001dbbc677c4d to 0x000001dbbc67847c
Event: 1.649 Thread 0x000001dbab2011d0 Implicit null exception at 0x000001dbbc6654fa to 0x000001dbbc6656d8
Event: 1.649 Thread 0x000001dbab2011d0 Implicit null exception at 0x000001dbbc639c1d to 0x000001dbbc639c99
Event: 1.667 Thread 0x000001dbab2011d0 Exception <a 'java/lang/NoSuchMethodError'{0x0000000087bd8958}: 'java.lang.Object java.lang.invoke.DirectMethodHandle$Holder.newInvokeSpecial(java.lang.Object, java.lang.Object, java.lang.Object, java.lang.Object, java.lang.Object, java.lang.Object, java.lang.Object)'> (0x0000000087bd8958) 
thrown [s\open\src\hotspot\share\interpreter\linkResolver.cpp, line 773]
Event: 1.788 Thread 0x000001dbab2011d0 Exception <a 'java/lang/NoSuchMethodError'{0x0000000086fc9390}: 'int java.lang.invoke.DirectMethodHandle$Holder.invokeVirtual(java.lang.Object, java.lang.Object)'> (0x0000000086fc9390) 
thrown [s\open\src\hotspot\share\interpreter\linkResolver.cpp, line 773]
Event: 1.789 Thread 0x000001dbab2011d0 Exception <a 'java/lang/NoSuchMethodError'{0x0000000086fcf1a0}: 'void java.lang.invoke.DirectMethodHandle$Holder.invokeSpecial(java.lang.Object, java.lang.Object, java.lang.Object, java.lang.Object, java.lang.Object)'> (0x0000000086fcf1a0) 
thrown [s\open\src\hotspot\share\interpreter\linkResolver.cpp, line 773]
Event: 1.806 Thread 0x000001dbab2011d0 Exception <a 'java/lang/NoSuchMethodError'{0x0000000086e8b950}: 'void java.lang.invoke.Invokers$Holder.invokeExact_MT(java.lang.Object, java.lang.Object, int, java.lang.Object)'> (0x0000000086e8b950) 
thrown [s\open\src\hotspot\share\interpreter\linkResolver.cpp, line 773]
Event: 2.062 Thread 0x000001dbab2011d0 Exception <a 'java/lang/NoSuchMethodError'{0x0000000085cca0d8}: 'void java.lang.invoke.DirectMethodHandle$Holder.invokeStatic(java.lang.Object, long)'> (0x0000000085cca0d8) 
thrown [s\open\src\hotspot\share\interpreter\linkResolver.cpp, line 773]
Event: 2.063 Thread 0x000001dbab2011d0 Exception <a 'java/lang/NoSuchMethodError'{0x0000000085ccf370}: 'java.lang.Object java.lang.invoke.DirectMethodHandle$Holder.newInvokeSpecial(java.lang.Object, long)'> (0x0000000085ccf370) 
thrown [s\open\src\hotspot\share\interpreter\linkResolver.cpp, line 773]
Event: 2.064 Thread 0x000001dbab2011d0 Exception <a 'java/lang/NoSuchMethodError'{0x0000000085cd6320}: 'java.lang.Object java.lang.invoke.DirectMethodHandle$Holder.invokeStatic(java.lang.Object, long, java.lang.Object)'> (0x0000000085cd6320) 
thrown [s\open\src\hotspot\share\interpreter\linkResolver.cpp, line 773]
Event: 2.064 Thread 0x000001dbab2011d0 Exception <a 'java/lang/NoSuchMethodError'{0x0000000085cd9aa8}: 'java.lang.Object java.lang.invoke.DirectMethodHandle$Holder.invokeStaticInit(java.lang.Object, long, java.lang.Object)'> (0x0000000085cd9aa8) 
thrown [s\open\src\hotspot\share\interpreter\linkResolver.cpp, line 773]

VM Operations (20 events):
Event: 1.404 Executing VM operation: HandshakeAllThreads
Event: 1.404 Executing VM operation: HandshakeAllThreads done
Event: 1.438 Executing VM operation: HandshakeAllThreads
Event: 1.438 Executing VM operation: HandshakeAllThreads done
Event: 1.438 Executing VM operation: HandshakeAllThreads
Event: 1.439 Executing VM operation: HandshakeAllThreads done
Event: 1.544 Executing VM operation: HandshakeAllThreads
Event: 1.544 Executing VM operation: HandshakeAllThreads done
Event: 1.545 Executing VM operation: HandshakeAllThreads
Event: 1.545 Executing VM operation: HandshakeAllThreads done
Event: 1.596 Executing VM operation: ICBufferFull
Event: 1.596 Executing VM operation: ICBufferFull done
Event: 1.763 Executing VM operation: ICBufferFull
Event: 1.763 Executing VM operation: ICBufferFull done
Event: 1.802 Executing VM operation: HandshakeAllThreads
Event: 1.802 Executing VM operation: HandshakeAllThreads done
Event: 1.970 Executing VM operation: ICBufferFull
Event: 1.971 Executing VM operation: ICBufferFull done
Event: 2.066 Executing VM operation: HandshakeAllThreads
Event: 2.066 Executing VM operation: HandshakeAllThreads done

Events (16 events):
Event: 0.015 Thread 0x000001dbab2011d0 Thread added: 0x000001dbab2011d0
Event: 0.026 Thread 0x000001dbc9b68ef0 Thread added: 0x000001dbc9b68ef0
Event: 0.026 Thread 0x000001dbc9b69cf0 Thread added: 0x000001dbc9b69cf0
Event: 0.026 Thread 0x000001dbc9b6cd80 Thread added: 0x000001dbc9b6cd80
Event: 0.026 Thread 0x000001dbc9b6e8d0 Thread added: 0x000001dbc9b6e8d0
Event: 0.026 Thread 0x000001dbc9b72330 Thread added: 0x000001dbc9b72330
Event: 0.026 Thread 0x000001dbc9b72c70 Thread added: 0x000001dbc9b72c70
Event: 0.027 Thread 0x000001dbc9b76de0 Thread added: 0x000001dbc9b76de0
Event: 0.027 Thread 0x000001dbc9b7f770 Thread added: 0x000001dbc9b7f770
Event: 0.039 Thread 0x000001dbcde23260 Thread added: 0x000001dbcde23260
Event: 0.042 Thread 0x000001dbcde2b510 Thread added: 0x000001dbcde2b510
Event: 0.235 Thread 0x000001dbce221360 Thread added: 0x000001dbce221360
Event: 0.462 Thread 0x000001dbce950b70 Thread added: 0x000001dbce950b70
Event: 2.067 Thread 0x000001dbcf159030 Thread added: 0x000001dbcf159030
Event: 2.067 Thread 0x000001dbcf159580 Thread added: 0x000001dbcf159580
Event: 2.067 Thread 0x000001dbd002c010 Thread added: 0x000001dbd002c010


Dynamic libraries:
0x00007ff6c2e20000 - 0x00007ff6c2e30000 	C:\Program Files\Java\jdk-20\bin\java.exe
0x00007ffef2730000 - 0x00007ffef2928000 	C:\WINDOWS\SYSTEM32\ntdll.dll
0x00007ffef07d0000 - 0x00007ffef088f000 	C:\WINDOWS\System32\KERNEL32.DLL
0x00007ffef02b0000 - 0x00007ffef05a6000 	C:\WINDOWS\System32\KERNELBASE.dll
0x00007ffeeff40000 - 0x00007ffef0040000 	C:\WINDOWS\System32\ucrtbase.dll
0x00007ffedfc50000 - 0x00007ffedfc6b000 	C:\Program Files\Java\jdk-20\bin\VCRUNTIME140.dll
0x00007ffeda150000 - 0x00007ffeda169000 	C:\Program Files\Java\jdk-20\bin\jli.dll
0x00007ffef1130000 - 0x00007ffef11df000 	C:\WINDOWS\System32\ADVAPI32.dll
0x00007ffef1090000 - 0x00007ffef112e000 	C:\WINDOWS\System32\msvcrt.dll
0x00007ffef0fc0000 - 0x00007ffef105c000 	C:\WINDOWS\System32\sechost.dll
0x00007ffef1c80000 - 0x00007ffef1da6000 	C:\WINDOWS\System32\RPCRT4.dll
0x00007ffef0c80000 - 0x00007ffef0e1d000 	C:\WINDOWS\System32\USER32.dll
0x00007ffef06d0000 - 0x00007ffef06f2000 	C:\WINDOWS\System32\win32u.dll
0x00007ffee2a50000 - 0x00007ffee2cea000 	C:\WINDOWS\WinSxS\amd64_microsoft.windows.common-controls_6595b64144ccf1df_6.0.19041.1110_none_60b5254171f9507e\COMCTL32.dll
0x00007ffef1060000 - 0x00007ffef108c000 	C:\WINDOWS\System32\GDI32.dll
0x00007ffef05b0000 - 0x00007ffef06c5000 	C:\WINDOWS\System32\gdi32full.dll
0x00007ffef0210000 - 0x00007ffef02ad000 	C:\WINDOWS\System32\msvcp_win.dll
0x00007ffee24a0000 - 0x00007ffee24aa000 	C:\WINDOWS\SYSTEM32\VERSION.dll
0x00007ffef07a0000 - 0x00007ffef07d0000 	C:\WINDOWS\System32\IMM32.DLL
0x00007ffee2ea0000 - 0x00007ffee2eac000 	C:\Program Files\Java\jdk-20\bin\vcruntime140_1.dll
0x00007ffeb8430000 - 0x00007ffeb84be000 	C:\Program Files\Java\jdk-20\bin\msvcp140.dll
0x00007ffe96440000 - 0x00007ffe970d7000 	C:\Program Files\Java\jdk-20\bin\server\jvm.dll
0x00007ffed66a0000 - 0x00007ffed66a9000 	C:\WINDOWS\SYSTEM32\WSOCK32.dll
0x00007ffedb1c0000 - 0x00007ffedb1e7000 	C:\WINDOWS\SYSTEM32\WINMM.dll
0x00007ffef1760000 - 0x00007ffef17cb000 	C:\WINDOWS\System32\WS2_32.dll
0x00007ffeedcd0000 - 0x00007ffeedce2000 	C:\WINDOWS\SYSTEM32\kernel.appcore.dll
0x00007ffeda850000 - 0x00007ffeda85a000 	C:\Program Files\Java\jdk-20\bin\jimage.dll
0x00007ffedf120000 - 0x00007ffedf304000 	C:\WINDOWS\SYSTEM32\DBGHELP.DLL
0x00007ffedf0e0000 - 0x00007ffedf114000 	C:\WINDOWS\SYSTEM32\dbgcore.DLL
0x00007ffef0700000 - 0x00007ffef0782000 	C:\WINDOWS\System32\bcryptPrimitives.dll
0x00007ffecff30000 - 0x00007ffecff56000 	C:\Program Files\Java\jdk-20\bin\java.dll
0x00007ffeb4bb0000 - 0x00007ffeb4c87000 	C:\Program Files\Java\jdk-20\bin\jsvml.dll
0x00007ffef1e10000 - 0x00007ffef2554000 	C:\WINDOWS\System32\SHELL32.dll
0x00007ffeeded0000 - 0x00007ffeee663000 	C:\WINDOWS\SYSTEM32\windows.storage.dll
0x00007ffef0920000 - 0x00007ffef0c74000 	C:\WINDOWS\System32\combase.dll
0x00007ffeef850000 - 0x00007ffeef87e000 	C:\WINDOWS\SYSTEM32\Wldp.dll
0x00007ffef11e0000 - 0x00007ffef128d000 	C:\WINDOWS\System32\SHCORE.dll
0x00007ffef1930000 - 0x00007ffef1985000 	C:\WINDOWS\System32\shlwapi.dll
0x00007ffeefd40000 - 0x00007ffeefd65000 	C:\WINDOWS\SYSTEM32\profapi.dll
0x00007ffed6c10000 - 0x00007ffed6c23000 	C:\Program Files\Java\jdk-20\bin\net.dll
0x00007ffee73e0000 - 0x00007ffee74ea000 	C:\WINDOWS\SYSTEM32\WINHTTP.dll
0x00007ffeef5b0000 - 0x00007ffeef61a000 	C:\WINDOWS\system32\mswsock.dll
0x00007ffed4ee0000 - 0x00007ffed4ef6000 	C:\Program Files\Java\jdk-20\bin\nio.dll
0x00007ffed3910000 - 0x00007ffed3928000 	C:\Program Files\Java\jdk-20\bin\zip.dll
0x0000000069ac0000 - 0x0000000069ae4000 	C:\Program Files\NetBeans-18\netbeans\java\maven\lib\jansi-native\Windows\x86_64\jansi.dll
0x00007ffed4ff0000 - 0x00007ffed5000000 	C:\Program Files\Java\jdk-20\bin\verify.dll

dbghelp: loaded successfully - version: 4.0.5 - missing functions: none
symbol engine: initialized successfully - sym options: 0x614 - pdb path: .;C:\Program Files\Java\jdk-20\bin;C:\WINDOWS\SYSTEM32;C:\WINDOWS\WinSxS\amd64_microsoft.windows.common-controls_6595b64144ccf1df_6.0.19041.1110_none_60b5254171f9507e;C:\Program Files\Java\jdk-20\bin\server;C:\Program Files\NetBeans-18\netbeans\java\maven\lib\jansi-native\Windows\x86_64

VM Arguments:
jvm_args: -Dclassworlds.conf=C:\Program Files\NetBeans-18\netbeans\java\maven\bin\m2.conf -Dmaven.home=C:\Program Files\NetBeans-18\netbeans\java\maven -Dlibrary.jansi.path=C:\Program Files\NetBeans-18\netbeans\java\maven\lib\jansi-native -Dmaven.multiModuleProjectDirectory=C:\Users\Estudiante\Documents\NetBeansProjects\Calculadora 
java_command: org.codehaus.plexus.classworlds.launcher.Launcher -Dexec.vmArgs= -Dexec.args=${exec.vmArgs} -classpath %classpath ${exec.mainClass} ${exec.appArgs} -Dexec.appArgs= -Dexec.mainClass=calculadora.Calculadora -Dexec.executable=C:\Program Files\Java\jdk-20\bin\java.exe -Dmaven.ext.class.path=C:\Program Files\NetBeans-18\netbeans\java\maven-nblib\netbeans-eventspy.jar --no-transfer-progress process-classes org.codehaus.mojo:exec-maven-plugin:3.1.0:exec
java_class_path (initial): C:\Program Files\NetBeans-18\netbeans\java\maven\boot\plexus-classworlds-2.6.0.jar
Launcher Type: SUN_STANDARD

[Global flags]
     intx CICompilerCount                          = 4                                         {product} {ergonomic}
     uint ConcGCThreads                            = 2                                         {product} {ergonomic}
     uint G1ConcRefinementThreads                  = 8                                         {product} {ergonomic}
   size_t G1HeapRegionSize                         = 1048576                                   {product} {ergonomic}
    uintx GCDrainStackTargetSize                   = 64                                        {product} {ergonomic}
   size_t InitialHeapSize                          = 134217728                                 {product} {ergonomic}
   size_t MarkStackSize                            = 4194304                                   {product} {ergonomic}
   size_t MaxHeapSize                              = 2124414976                                {product} {ergonomic}
   size_t MaxNewSize                               = 1274019840                                {product} {ergonomic}
   size_t MinHeapDeltaBytes                        = 1048576                                   {product} {ergonomic}
   size_t MinHeapSize                              = 8388608                                   {product} {ergonomic}
    uintx NonNMethodCodeHeapSize                   = 5839372                                {pd product} {ergonomic}
    uintx NonProfiledCodeHeapSize                  = 122909434                              {pd product} {ergonomic}
    uintx ProfiledCodeHeapSize                     = 122909434                              {pd product} {ergonomic}
    uintx ReservedCodeCacheSize                    = 251658240                              {pd product} {ergonomic}
     bool SegmentedCodeCache                       = true                                      {product} {ergonomic}
   size_t SoftMaxHeapSize                          = 2124414976                             {manageable} {ergonomic}
     bool UseCompressedClassPointers               = true                           {product lp64_product} {ergonomic}
     bool UseCompressedOops                        = true                           {product lp64_product} {ergonomic}
     bool UseG1GC                                  = true                                      {product} {ergonomic}
     bool UseLargePagesIndividualAllocation        = false                                  {pd product} {ergonomic}

Logging:
Log output configuration:
 #0: stdout all=warning uptime,level,tags foldmultilines=false
 #1: stderr all=off uptime,level,tags foldmultilines=false

Environment Variables:
JAVA_HOME=C:\Program Files\Java\jdk-20
PATH=C:\Program Files (x86)\Intel\iCLS Client\;C:\Program Files\Intel\iCLS Client\;C:\Program Files\Common Files\Oracle\Java\javapath;C:\Program Files (x86)\Common Files\Oracle\Java\javapath;C:\WINDOWS\system32;C:\WINDOWS;C:\WINDOWS\System32\Wbem;C:\WINDOWS\System32\WindowsPowerShell\v1.0\;C:\WINDOWS\System32\OpenSSH\;C:\Program Files\dotnet\;C:\Program Files (x86)\Intel\Intel(R) Management Engine Components\DAL;C:\Program Files\Intel\Intel(R) Management Engine Components\DAL;C:\Program Files (x86)\Intel\Intel(R) Management Engine Components\IPT;C:\Program Files\Intel\Intel(R) Management Engine Components\IPT;C:\Users\Estudiante\AppData\Local\Microsoft\WindowsApps;C:\Users\Estudiante\AppData\Local\Programs\Git\cmd
USERNAME=Estudiante
OS=Windows_NT
PROCESSOR_IDENTIFIER=Intel64 Family 6 Model 60 Stepping 3, GenuineIntel
TMP=C:\Users\ESTUDI~1\AppData\Local\Temp
TEMP=C:\Users\ESTUDI~1\AppData\Local\Temp




---------------  S Y S T E M  ---------------

OS:
 Windows 10 , 64 bit Build 19041 (10.0.19041.3155)
OS uptime: 0 days 3:13 hours

CPU: total 8 (initial active 8) (4 cores per cpu, 2 threads per core) family 6 model 60 stepping 3 microcode 0x27, cx8, cmov, fxsr, ht, mmx, sse, sse2, sse3, ssse3, sse4.1, sse4.2, popcnt, lzcnt, tsc, tscinvbit, avx, avx2, aes, erms, clmul, bmi1, bmi2, fma, vzeroupper, clflush, rdtscp, f16c

Memory: 4k page, system-wide physical 8100M (1833M free)
TotalPageFile size 8100M (AvailPageFile size 67M)
current process WorkingSet (physical memory assigned to process): 149M, peak: 149M
current process commit charge ("private bytes"): 259M, peak: 261M

vm_info: Java HotSpot(TM) 64-Bit Server VM (20.0.1+9-29) for windows-amd64 JRE (20.0.1+9-29), built on 2023-03-07T13:56:11Z by "mach5one" with MS VC++ 17.1 (VS2022)

END.
